0.000 [ Info   ][Logger] No ORO_LOGLEVEL environment variable set.
0.000 [ Info   ][Logger]  OROCOS version '2.8.3' compiled with GCC 9.4.0. Running in GNU/Linux.
0.000 [ Info   ][Logger] Orocos Logging Activated at level : [ Warning] ( 4 ) 
0.000 [ Info   ][Logger] Reference System Time is : 5344799241956 ticks ( 5344.8 seconds ).
0.000 [ Info   ][Logger] Logging is relative to this time.
0.000 [ Info   ][ThreadOrb] Starting Orb in a thread.
0.000 [ Info   ][Thread] Creating Thread for scheduler=ORO_SCHED_OTHER, priority=1, CPU affinity=0, with name='Activity'
0.000 [ Info   ][Activity] Thread created with scheduler type 'ORO_SCHED_OTHER', priority 0, cpu affinity 255 and period 0 (PID= 93506 ).
0.000 [ Info   ][TypekitRepository::Import] Loading Typekit std.
0.000 [ Info   ][TypekitRepository::Import] Entering orb->run().
0.001 [ Info   ][TypekitRepository::Import] Loading Transport CORBA:///orogen/std.
0.001 [ Info   ][TypekitRepository::Import] Registered new 'CORBA' transport for /bool
0.001 [ Info   ][TypekitRepository::Import] Registered new 'CORBA' transport for /double
0.001 [ Info   ][TypekitRepository::Import] Registered new 'CORBA' transport for /float
0.001 [ Info   ][TypekitRepository::Import] Registered new 'CORBA' transport for /int16_t
0.001 [ Info   ][TypekitRepository::Import] Registered new 'CORBA' transport for /int32_t
0.001 [ Info   ][TypekitRepository::Import] Registered new 'CORBA' transport for /int64_t
0.001 [ Info   ][TypekitRepository::Import] Registered new 'CORBA' transport for /int8_t
0.001 [ Info   ][TypekitRepository::Import] Registered new 'CORBA' transport for /metadata/TaskContext
0.001 [ Info   ][TypekitRepository::Import] Registered new 'CORBA' transport for /std/string
0.001 [ Info   ][TypekitRepository::Import] Registered new 'CORBA' transport for /std/vector</double>
0.001 [ Info   ][TypekitRepository::Import] Registered new 'CORBA' transport for /uint16_t
0.001 [ Info   ][TypekitRepository::Import] Registered new 'CORBA' transport for /uint32_t
0.001 [ Info   ][TypekitRepository::Import] Registered new 'CORBA' transport for /uint64_t
0.001 [ Info   ][TypekitRepository::Import] Registered new 'CORBA' transport for /uint8_t
0.003 [ Info   ][TypekitRepository::Import] Loading Transport MQueue:///orogen/std.
0.004 [ Info   ][TypekitRepository::Import] Registered new 'MQueue' transport for /bool
0.004 [ Info   ][TypekitRepository::Import] Registered new 'MQueue' transport for /double
0.004 [ Info   ][TypekitRepository::Import] Registered new 'MQueue' transport for /float
0.004 [ Info   ][TypekitRepository::Import] Registered new 'MQueue' transport for /int16_t
0.004 [ Info   ][TypekitRepository::Import] Registered new 'MQueue' transport for /int32_t
0.004 [ Info   ][TypekitRepository::Import] Registered new 'MQueue' transport for /int64_t
0.004 [ Info   ][TypekitRepository::Import] Registered new 'MQueue' transport for /int8_t
0.004 [ Info   ][TypekitRepository::Import] Registered new 'MQueue' transport for /metadata/TaskContext
0.004 [ Info   ][TypekitRepository::Import] Registered new 'MQueue' transport for /std/string
0.004 [ Info   ][TypekitRepository::Import] Registered new 'MQueue' transport for /std/vector</double>
0.004 [ Info   ][TypekitRepository::Import] Registered new 'MQueue' transport for /uint16_t
0.004 [ Info   ][TypekitRepository::Import] Registered new 'MQueue' transport for /uint32_t
0.004 [ Info   ][TypekitRepository::Import] Registered new 'MQueue' transport for /uint64_t
0.004 [ Info   ][TypekitRepository::Import] Registered new 'MQueue' transport for /uint8_t
0.004 [ Info   ][TypekitRepository::Import] Loading Transport Typelib:///orogen/std.
0.005 [ Info   ][TypekitRepository::Import] Registered new 'Typelib' transport for /bool
0.005 [ Info   ][TypekitRepository::Import] Registered new 'Typelib' transport for /double
0.005 [ Info   ][TypekitRepository::Import] Registered new 'Typelib' transport for /float
0.005 [ Info   ][TypekitRepository::Import] Registered new 'Typelib' transport for /int16_t
0.005 [ Info   ][TypekitRepository::Import] Registered new 'Typelib' transport for /int32_t
0.005 [ Info   ][TypekitRepository::Import] Registered new 'Typelib' transport for /int64_t
0.005 [ Info   ][TypekitRepository::Import] Registered new 'Typelib' transport for /int8_t
0.005 [ Info   ][TypekitRepository::Import] Registered new 'Typelib' transport for /metadata/TaskContext
0.005 [ Info   ][TypekitRepository::Import] Registered new 'Typelib' transport for /std/string
0.005 [ Info   ][TypekitRepository::Import] Registered new 'Typelib' transport for /std/vector</double>
0.005 [ Info   ][TypekitRepository::Import] Registered new 'Typelib' transport for /uint16_t
0.005 [ Info   ][TypekitRepository::Import] Registered new 'Typelib' transport for /uint32_t
0.005 [ Info   ][TypekitRepository::Import] Registered new 'Typelib' transport for /uint64_t
0.005 [ Info   ][TypekitRepository::Import] Registered new 'Typelib' transport for /uint8_t
0.005 [ Info   ][TypekitRepository::Import] Loading Typekit base.
0.006 [ Info   ][TypekitRepository::Import] Registered new 'MQueue' transport for /std/string
0.006 [ Info   ][TypekitRepository::Import] Loading Transport CORBA:///orogen/base.
0.006 [ Info   ][TypekitRepository::Import] Registered new 'CORBA' transport for /RTT/extras/ReadOnlyPointer</base/samples/frame/Frame>
0.006 [ Info   ][TypekitRepository::Import] Registered new 'CORBA' transport for /RTT/extras/ReadOnlyPointer</base/samples/frame/FramePair>
0.006 [ Info   ][TypekitRepository::Import] Registered new 'CORBA' transport for /base/Acceleration
0.006 [ Info   ][TypekitRepository::Import] Registered new 'CORBA' transport for /base/Affine3d
0.006 [ Info   ][TypekitRepository::Import] Registered new 'CORBA' transport for /base/Angle
0.006 [ Info   ][TypekitRepository::Import] Registered new 'CORBA' transport for /base/AngleAxisd
0.006 [ Info   ][TypekitRepository::Import] Registered new 'CORBA' transport for /base/JointLimits
0.006 [ Info   ][TypekitRepository::Import] Registered new 'CORBA' transport for /base/JointState
0.006 [ Info   ][TypekitRepository::Import] Registered new 'CORBA' transport for /base/JointState/MODE
0.006 [ Info   ][TypekitRepository::Import] Registered new 'CORBA' transport for /base/JointTransform
0.006 [ Info   ][TypekitRepository::Import] Registered new 'CORBA' transport for /base/JointTransformVector
0.006 [ Info   ][TypekitRepository::Import] Registered new 'CORBA' transport for /base/JointsTrajectory
0.006 [ Info   ][TypekitRepository::Import] Registered new 'CORBA' transport for /base/Matrix2d
0.006 [ Info   ][TypekitRepository::Import] Registered new 'CORBA' transport for /base/Matrix3d
0.006 [ Info   ][TypekitRepository::Import] Registered new 'CORBA' transport for /base/Matrix4d
0.006 [ Info   ][TypekitRepository::Import] Registered new 'CORBA' transport for /base/Matrix6d
0.006 [ Info   ][TypekitRepository::Import] Registered new 'CORBA' transport for /base/MatrixXd
0.006 [ Info   ][TypekitRepository::Import] Registered new 'CORBA' transport for /base/Pose
0.006 [ Info   ][TypekitRepository::Import] Registered new 'CORBA' transport for /base/Pressure
0.006 [ Info   ][TypekitRepository::Import] Registered new 'CORBA' transport for /base/Quaterniond
0.006 [ Info   ][TypekitRepository::Import] Registered new 'CORBA' transport for /base/Temperature
0.006 [ Info   ][TypekitRepository::Import] Registered new 'CORBA' transport for /base/Time
0.006 [ Info   ][TypekitRepository::Import] Registered new 'CORBA' transport for /base/Trajectory
0.006 [ Info   ][TypekitRepository::Import] Registered new 'CORBA' transport for /base/TransformWithCovariance
0.006 [ Info   ][TypekitRepository::Import] Registered new 'CORBA' transport for /base/Twist
0.006 [ Info   ][TypekitRepository::Import] Registered new 'CORBA' transport for /base/TwistWithCovariance
0.006 [ Info   ][TypekitRepository::Import] Registered new 'CORBA' transport for /base/Vector2d
0.006 [ Info   ][TypekitRepository::Import] Registered new 'CORBA' transport for /base/Vector3d
0.006 [ Info   ][TypekitRepository::Import] Registered new 'CORBA' transport for /base/Vector4d
0.006 [ Info   ][TypekitRepository::Import] Registered new 'CORBA' transport for /base/Vector6d
0.006 [ Info   ][TypekitRepository::Import] Registered new 'CORBA' transport for /base/VectorXd
0.006 [ Info   ][TypekitRepository::Import] Registered new 'CORBA' transport for /base/Waypoint
0.006 [ Info   ][TypekitRepository::Import] Registered new 'CORBA' transport for /base/Wrench
0.006 [ Info   ][TypekitRepository::Import] Registered new 'CORBA' transport for /base/commands/LinearAngular6DCommand
0.006 [ Info   ][TypekitRepository::Import] Registered new 'CORBA' transport for /base/commands/Motion2D
0.006 [ Info   ][TypekitRepository::Import] Registered new 'CORBA' transport for /base/commands/Speed6D
0.006 [ Info   ][TypekitRepository::Import] Registered new 'CORBA' transport for /base/geometry/Spline<1>
0.006 [ Info   ][TypekitRepository::Import] Registered new 'CORBA' transport for /base/geometry/Spline<3>
0.006 [ Info   ][TypekitRepository::Import] Registered new 'CORBA' transport for /base/samples/Acceleration
0.006 [ Info   ][TypekitRepository::Import] Registered new 'CORBA' transport for /base/samples/BodyState
0.006 [ Info   ][TypekitRepository::Import] Registered new 'CORBA' transport for /base/samples/BoundingBox
0.006 [ Info   ][TypekitRepository::Import] Registered new 'CORBA' transport for /base/samples/DepthMap
0.006 [ Info   ][TypekitRepository::Import] Registered new 'CORBA' transport for /base/samples/DistanceImage
0.006 [ Info   ][TypekitRepository::Import] Registered new 'CORBA' transport for /base/samples/Event
0.006 [ Info   ][TypekitRepository::Import] Registered new 'CORBA' transport for /base/samples/EventArray
0.006 [ Info   ][TypekitRepository::Import] Registered new 'CORBA' transport for /base/samples/IMUSensors
0.006 [ Info   ][TypekitRepository::Import] Registered new 'CORBA' transport for /base/samples/Joints
0.006 [ Info   ][TypekitRepository::Import] Registered new 'CORBA' transport for /base/samples/LaserScan
0.007 [ Info   ][TypekitRepository::Import] Registered new 'CORBA' transport for /base/samples/Motion2D
0.007 [ Info   ][TypekitRepository::Import] Registered new 'CORBA' transport for /base/samples/OrientedBoundingBox
0.007 [ Info   ][TypekitRepository::Import] Registered new 'CORBA' transport for /base/samples/Pointcloud
0.007 [ Info   ][TypekitRepository::Import] Registered new 'CORBA' transport for /base/samples/PoseWithCovariance
0.007 [ Info   ][TypekitRepository::Import] Registered new 'CORBA' transport for /base/samples/Pressure
0.007 [ Info   ][TypekitRepository::Import] Registered new 'CORBA' transport for /base/samples/RigidBodyAcceleration
0.007 [ Info   ][TypekitRepository::Import] Registered new 'CORBA' transport for /base/samples/RigidBodyState
0.007 [ Info   ][TypekitRepository::Import] Registered new 'CORBA' transport for /base/samples/RigidBodyStateSE3
0.007 [ Info   ][TypekitRepository::Import] Registered new 'CORBA' transport for /base/samples/RigidBodyStateSE3Vector
0.007 [ Info   ][TypekitRepository::Import] Registered new 'CORBA' transport for /base/samples/Sonar
0.007 [ Info   ][TypekitRepository::Import] Registered new 'CORBA' transport for /base/samples/SonarBeam
0.007 [ Info   ][TypekitRepository::Import] Registered new 'CORBA' transport for /base/samples/SonarScan
0.007 [ Info   ][TypekitRepository::Import] Registered new 'CORBA' transport for /base/samples/Temperature
0.007 [ Info   ][TypekitRepository::Import] Registered new 'CORBA' transport for /base/samples/Twist
0.007 [ Info   ][TypekitRepository::Import] Registered new 'CORBA' transport for /base/samples/Wrench
0.007 [ Info   ][TypekitRepository::Import] Registered new 'CORBA' transport for /base/samples/Wrenches
0.007 [ Info   ][TypekitRepository::Import] Registered new 'CORBA' transport for /base/samples/frame/Frame
0.007 [ Info   ][TypekitRepository::Import] Registered new 'CORBA' transport for /base/samples/frame/FramePair
0.007 [ Info   ][TypekitRepository::Import] Registered new 'CORBA' transport for /base/samples/frame/frame_mode_t
0.007 [ Info   ][TypekitRepository::Import] Registered new 'CORBA' transport for /std/vector</base/Time>
0.007 [ Info   ][TypekitRepository::Import] Registered new 'CORBA' transport for /std/vector</base/Trajectory>
0.007 [ Info   ][TypekitRepository::Import] Registered new 'CORBA' transport for /std/vector</base/Vector3d>
0.007 [ Info   ][TypekitRepository::Import] Registered new 'CORBA' transport for /std/vector</base/Vector4d>
0.007 [ Info   ][TypekitRepository::Import] Registered new 'CORBA' transport for /std/vector</base/Waypoint>
0.007 [ Info   ][TypekitRepository::Import] Registered new 'CORBA' transport for /std/vector</base/samples/BoundingBox>
0.007 [ Info   ][TypekitRepository::Import] Registered new 'CORBA' transport for /std/vector</base/samples/OrientedBoundingBox>
0.007 [ Info   ][TypekitRepository::Import] Registered new 'CORBA' transport for /std/vector</std/string>
0.007 [ Info   ][TypekitRepository::Import] Registered new 'CORBA' transport for /std/vector</uint32_t>
0.016 [ Info   ][TypekitRepository::Import] Loading Transport MQueue:///orogen/base.
0.016 [ Info   ][TypekitRepository::Import] Registered new 'MQueue' transport for /RTT/extras/ReadOnlyPointer</base/samples/frame/Frame>
0.017 [ Info   ][TypekitRepository::Import] Registered new 'MQueue' transport for /RTT/extras/ReadOnlyPointer</base/samples/frame/FramePair>
0.017 [ Info   ][TypekitRepository::Import] Registered new 'MQueue' transport for /base/Acceleration
0.017 [ Info   ][TypekitRepository::Import] Registered new 'MQueue' transport for /base/Affine3d
0.017 [ Info   ][TypekitRepository::Import] Registered new 'MQueue' transport for /base/Angle
0.017 [ Info   ][TypekitRepository::Import] Registered new 'MQueue' transport for /base/AngleAxisd
0.017 [ Info   ][TypekitRepository::Import] Registered new 'MQueue' transport for /base/JointLimits
0.017 [ Info   ][TypekitRepository::Import] Registered new 'MQueue' transport for /base/JointState
0.017 [ Info   ][TypekitRepository::Import] Registered new 'MQueue' transport for /base/JointState/MODE
0.017 [ Info   ][TypekitRepository::Import] Registered new 'MQueue' transport for /base/JointTransform
0.017 [ Info   ][TypekitRepository::Import] Registered new 'MQueue' transport for /base/JointTransformVector
0.017 [ Info   ][TypekitRepository::Import] Registered new 'MQueue' transport for /base/JointsTrajectory
0.017 [ Info   ][TypekitRepository::Import] Registered new 'MQueue' transport for /base/Matrix2d
0.017 [ Info   ][TypekitRepository::Import] Registered new 'MQueue' transport for /base/Matrix3d
0.017 [ Info   ][TypekitRepository::Import] Registered new 'MQueue' transport for /base/Matrix4d
0.017 [ Info   ][TypekitRepository::Import] Registered new 'MQueue' transport for /base/Matrix6d
0.017 [ Info   ][TypekitRepository::Import] Registered new 'MQueue' transport for /base/MatrixXd
0.017 [ Info   ][TypekitRepository::Import] Registered new 'MQueue' transport for /base/Pose
0.017 [ Info   ][TypekitRepository::Import] Registered new 'MQueue' transport for /base/Pressure
0.017 [ Info   ][TypekitRepository::Import] Registered new 'MQueue' transport for /base/Quaterniond
0.017 [ Info   ][TypekitRepository::Import] Registered new 'MQueue' transport for /base/Temperature
0.017 [ Info   ][TypekitRepository::Import] Registered new 'MQueue' transport for /base/Time
0.017 [ Info   ][TypekitRepository::Import] Registered new 'MQueue' transport for /base/Trajectory
0.017 [ Info   ][TypekitRepository::Import] Registered new 'MQueue' transport for /base/TransformWithCovariance
0.017 [ Info   ][TypekitRepository::Import] Registered new 'MQueue' transport for /base/Twist
0.017 [ Info   ][TypekitRepository::Import] Registered new 'MQueue' transport for /base/TwistWithCovariance
0.017 [ Info   ][TypekitRepository::Import] Registered new 'MQueue' transport for /base/Vector2d
0.017 [ Info   ][TypekitRepository::Import] Registered new 'MQueue' transport for /base/Vector3d
0.017 [ Info   ][TypekitRepository::Import] Registered new 'MQueue' transport for /base/Vector4d
0.017 [ Info   ][TypekitRepository::Import] Registered new 'MQueue' transport for /base/Vector6d
0.017 [ Info   ][TypekitRepository::Import] Registered new 'MQueue' transport for /base/VectorXd
0.017 [ Info   ][TypekitRepository::Import] Registered new 'MQueue' transport for /base/Waypoint
0.017 [ Info   ][TypekitRepository::Import] Registered new 'MQueue' transport for /base/Wrench
0.017 [ Info   ][TypekitRepository::Import] Registered new 'MQueue' transport for /base/commands/LinearAngular6DCommand
0.017 [ Info   ][TypekitRepository::Import] Registered new 'MQueue' transport for /base/commands/Motion2D
0.017 [ Info   ][TypekitRepository::Import] Registered new 'MQueue' transport for /base/commands/Speed6D
0.017 [ Info   ][TypekitRepository::Import] Registered new 'MQueue' transport for /base/geometry/Spline<1>
0.017 [ Info   ][TypekitRepository::Import] Registered new 'MQueue' transport for /base/geometry/Spline<3>
0.017 [ Info   ][TypekitRepository::Import] Registered new 'MQueue' transport for /base/samples/Acceleration
0.017 [ Info   ][TypekitRepository::Import] Registered new 'MQueue' transport for /base/samples/BodyState
0.017 [ Info   ][TypekitRepository::Import] Registered new 'MQueue' transport for /base/samples/BoundingBox
0.017 [ Info   ][TypekitRepository::Import] Registered new 'MQueue' transport for /base/samples/DepthMap
0.017 [ Info   ][TypekitRepository::Import] Registered new 'MQueue' transport for /base/samples/DistanceImage
0.017 [ Info   ][TypekitRepository::Import] Registered new 'MQueue' transport for /base/samples/Event
0.018 [ Info   ][TypekitRepository::Import] Registered new 'MQueue' transport for /base/samples/EventArray
0.018 [ Info   ][TypekitRepository::Import] Registered new 'MQueue' transport for /base/samples/IMUSensors
0.018 [ Info   ][TypekitRepository::Import] Registered new 'MQueue' transport for /base/samples/Joints
0.018 [ Info   ][TypekitRepository::Import] Registered new 'MQueue' transport for /base/samples/LaserScan
0.018 [ Info   ][TypekitRepository::Import] Registered new 'MQueue' transport for /base/samples/Motion2D
0.018 [ Info   ][TypekitRepository::Import] Registered new 'MQueue' transport for /base/samples/OrientedBoundingBox
0.018 [ Info   ][TypekitRepository::Import] Registered new 'MQueue' transport for /base/samples/Pointcloud
0.018 [ Info   ][TypekitRepository::Import] Registered new 'MQueue' transport for /base/samples/PoseWithCovariance
0.018 [ Info   ][TypekitRepository::Import] Registered new 'MQueue' transport for /base/samples/Pressure
0.018 [ Info   ][TypekitRepository::Import] Registered new 'MQueue' transport for /base/samples/RigidBodyAcceleration
0.018 [ Info   ][TypekitRepository::Import] Registered new 'MQueue' transport for /base/samples/RigidBodyState
0.018 [ Info   ][TypekitRepository::Import] Registered new 'MQueue' transport for /base/samples/RigidBodyStateSE3
0.018 [ Info   ][TypekitRepository::Import] Registered new 'MQueue' transport for /base/samples/RigidBodyStateSE3Vector
0.018 [ Info   ][TypekitRepository::Import] Registered new 'MQueue' transport for /base/samples/Sonar
0.018 [ Info   ][TypekitRepository::Import] Registered new 'MQueue' transport for /base/samples/SonarBeam
0.018 [ Info   ][TypekitRepository::Import] Registered new 'MQueue' transport for /base/samples/SonarScan
0.018 [ Info   ][TypekitRepository::Import] Registered new 'MQueue' transport for /base/samples/Temperature
0.018 [ Info   ][TypekitRepository::Import] Registered new 'MQueue' transport for /base/samples/Twist
0.018 [ Info   ][TypekitRepository::Import] Registered new 'MQueue' transport for /base/samples/Wrench
0.018 [ Info   ][TypekitRepository::Import] Registered new 'MQueue' transport for /base/samples/Wrenches
0.018 [ Info   ][TypekitRepository::Import] Registered new 'MQueue' transport for /base/samples/frame/Frame
0.018 [ Info   ][TypekitRepository::Import] Registered new 'MQueue' transport for /base/samples/frame/FramePair
0.018 [ Info   ][TypekitRepository::Import] Registered new 'MQueue' transport for /base/samples/frame/frame_mode_t
0.018 [ Info   ][TypekitRepository::Import] Registered new 'MQueue' transport for /std/string
0.018 [ Info   ][TypekitRepository::Import] Registered new 'MQueue' transport for /std/vector</base/Time>
0.018 [ Info   ][TypekitRepository::Import] Registered new 'MQueue' transport for /std/vector</base/Trajectory>
0.018 [ Info   ][TypekitRepository::Import] Registered new 'MQueue' transport for /std/vector</base/Vector3d>
0.018 [ Info   ][TypekitRepository::Import] Registered new 'MQueue' transport for /std/vector</base/Vector4d>
0.018 [ Info   ][TypekitRepository::Import] Registered new 'MQueue' transport for /std/vector</base/Waypoint>
0.018 [ Info   ][TypekitRepository::Import] Registered new 'MQueue' transport for /std/vector</base/samples/BoundingBox>
0.018 [ Info   ][TypekitRepository::Import] Registered new 'MQueue' transport for /std/vector</base/samples/OrientedBoundingBox>
0.018 [ Info   ][TypekitRepository::Import] Registered new 'MQueue' transport for /std/vector</std/string>
0.018 [ Info   ][TypekitRepository::Import] Registered new 'MQueue' transport for /std/vector</uint32_t>
0.018 [ Info   ][TypekitRepository::Import] Loading Transport Typelib:///orogen/base.
0.027 [ Info   ][TypekitRepository::Import] Registered new 'Typelib' transport for /RTT/extras/ReadOnlyPointer</base/samples/frame/Frame>
0.027 [ Info   ][TypekitRepository::Import] Registered new 'Typelib' transport for /RTT/extras/ReadOnlyPointer</base/samples/frame/FramePair>
0.027 [ Info   ][TypekitRepository::Import] Registered new 'Typelib' transport for /base/Acceleration
0.027 [ Info   ][TypekitRepository::Import] Registered new 'Typelib' transport for /base/Affine3d
0.027 [ Info   ][TypekitRepository::Import] Registered new 'Typelib' transport for /base/Angle
0.027 [ Info   ][TypekitRepository::Import] Registered new 'Typelib' transport for /base/AngleAxisd
0.027 [ Info   ][TypekitRepository::Import] Registered new 'Typelib' transport for /base/JointLimits
0.027 [ Info   ][TypekitRepository::Import] Registered new 'Typelib' transport for /base/JointState
0.027 [ Info   ][TypekitRepository::Import] Registered new 'Typelib' transport for /base/JointState/MODE
0.027 [ Info   ][TypekitRepository::Import] Registered new 'Typelib' transport for /base/JointTransform
0.027 [ Info   ][TypekitRepository::Import] Registered new 'Typelib' transport for /base/JointTransformVector
0.027 [ Info   ][TypekitRepository::Import] Registered new 'Typelib' transport for /base/JointsTrajectory
0.027 [ Info   ][TypekitRepository::Import] Registered new 'Typelib' transport for /base/Matrix2d
0.027 [ Info   ][TypekitRepository::Import] Registered new 'Typelib' transport for /base/Matrix3d
0.027 [ Info   ][TypekitRepository::Import] Registered new 'Typelib' transport for /base/Matrix4d
0.027 [ Info   ][TypekitRepository::Import] Registered new 'Typelib' transport for /base/Matrix6d
0.027 [ Info   ][TypekitRepository::Import] Registered new 'Typelib' transport for /base/MatrixXd
0.027 [ Info   ][TypekitRepository::Import] Registered new 'Typelib' transport for /base/Pose
0.027 [ Info   ][TypekitRepository::Import] Registered new 'Typelib' transport for /base/Pressure
0.027 [ Info   ][TypekitRepository::Import] Registered new 'Typelib' transport for /base/Quaterniond
0.027 [ Info   ][TypekitRepository::Import] Registered new 'Typelib' transport for /base/Temperature
0.027 [ Info   ][TypekitRepository::Import] Registered new 'Typelib' transport for /base/Time
0.027 [ Info   ][TypekitRepository::Import] Registered new 'Typelib' transport for /base/Trajectory
0.027 [ Info   ][TypekitRepository::Import] Registered new 'Typelib' transport for /base/TransformWithCovariance
0.027 [ Info   ][TypekitRepository::Import] Registered new 'Typelib' transport for /base/Twist
0.027 [ Info   ][TypekitRepository::Import] Registered new 'Typelib' transport for /base/TwistWithCovariance
0.027 [ Info   ][TypekitRepository::Import] Registered new 'Typelib' transport for /base/Vector2d
0.027 [ Info   ][TypekitRepository::Import] Registered new 'Typelib' transport for /base/Vector3d
0.027 [ Info   ][TypekitRepository::Import] Registered new 'Typelib' transport for /base/Vector4d
0.027 [ Info   ][TypekitRepository::Import] Registered new 'Typelib' transport for /base/Vector6d
0.027 [ Info   ][TypekitRepository::Import] Registered new 'Typelib' transport for /base/VectorXd
0.027 [ Info   ][TypekitRepository::Import] Registered new 'Typelib' transport for /base/Waypoint
0.027 [ Info   ][TypekitRepository::Import] Registered new 'Typelib' transport for /base/Wrench
0.027 [ Info   ][TypekitRepository::Import] Registered new 'Typelib' transport for /base/commands/LinearAngular6DCommand
0.027 [ Info   ][TypekitRepository::Import] Registered new 'Typelib' transport for /base/commands/Motion2D
0.027 [ Info   ][TypekitRepository::Import] Registered new 'Typelib' transport for /base/commands/Speed6D
0.027 [ Info   ][TypekitRepository::Import] Registered new 'Typelib' transport for /base/geometry/Spline<1>
0.027 [ Info   ][TypekitRepository::Import] Registered new 'Typelib' transport for /base/geometry/Spline<3>
0.027 [ Info   ][TypekitRepository::Import] Registered new 'Typelib' transport for /base/samples/Acceleration
0.027 [ Info   ][TypekitRepository::Import] Registered new 'Typelib' transport for /base/samples/BodyState
0.028 [ Info   ][TypekitRepository::Import] Registered new 'Typelib' transport for /base/samples/BoundingBox
0.028 [ Info   ][TypekitRepository::Import] Registered new 'Typelib' transport for /base/samples/DepthMap
0.028 [ Info   ][TypekitRepository::Import] Registered new 'Typelib' transport for /base/samples/DistanceImage
0.028 [ Info   ][TypekitRepository::Import] Registered new 'Typelib' transport for /base/samples/Event
0.028 [ Info   ][TypekitRepository::Import] Registered new 'Typelib' transport for /base/samples/EventArray
0.028 [ Info   ][TypekitRepository::Import] Registered new 'Typelib' transport for /base/samples/IMUSensors
0.028 [ Info   ][TypekitRepository::Import] Registered new 'Typelib' transport for /base/samples/Joints
0.028 [ Info   ][TypekitRepository::Import] Registered new 'Typelib' transport for /base/samples/LaserScan
0.028 [ Info   ][TypekitRepository::Import] Registered new 'Typelib' transport for /base/samples/Motion2D
0.028 [ Info   ][TypekitRepository::Import] Registered new 'Typelib' transport for /base/samples/OrientedBoundingBox
0.028 [ Info   ][TypekitRepository::Import] Registered new 'Typelib' transport for /base/samples/Pointcloud
0.028 [ Info   ][TypekitRepository::Import] Registered new 'Typelib' transport for /base/samples/PoseWithCovariance
0.028 [ Info   ][TypekitRepository::Import] Registered new 'Typelib' transport for /base/samples/Pressure
0.028 [ Info   ][TypekitRepository::Import] Registered new 'Typelib' transport for /base/samples/RigidBodyAcceleration
0.028 [ Info   ][TypekitRepository::Import] Registered new 'Typelib' transport for /base/samples/RigidBodyState
0.028 [ Info   ][TypekitRepository::Import] Registered new 'Typelib' transport for /base/samples/RigidBodyStateSE3
0.028 [ Info   ][TypekitRepository::Import] Registered new 'Typelib' transport for /base/samples/RigidBodyStateSE3Vector
0.028 [ Info   ][TypekitRepository::Import] Registered new 'Typelib' transport for /base/samples/Sonar
0.028 [ Info   ][TypekitRepository::Import] Registered new 'Typelib' transport for /base/samples/SonarBeam
0.028 [ Info   ][TypekitRepository::Import] Registered new 'Typelib' transport for /base/samples/SonarScan
0.028 [ Info   ][TypekitRepository::Import] Registered new 'Typelib' transport for /base/samples/Temperature
0.028 [ Info   ][TypekitRepository::Import] Registered new 'Typelib' transport for /base/samples/Twist
0.028 [ Info   ][TypekitRepository::Import] Registered new 'Typelib' transport for /base/samples/Wrench
0.028 [ Info   ][TypekitRepository::Import] Registered new 'Typelib' transport for /base/samples/Wrenches
0.028 [ Info   ][TypekitRepository::Import] Registered new 'Typelib' transport for /base/samples/frame/Frame
0.028 [ Info   ][TypekitRepository::Import] Registered new 'Typelib' transport for /base/samples/frame/FramePair
0.028 [ Info   ][TypekitRepository::Import] Registered new 'Typelib' transport for /base/samples/frame/frame_mode_t
0.028 [ Info   ][TypekitRepository::Import] Registered new 'Typelib' transport for /std/vector</base/Time>
0.028 [ Info   ][TypekitRepository::Import] Registered new 'Typelib' transport for /std/vector</base/Trajectory>
0.028 [ Info   ][TypekitRepository::Import] Registered new 'Typelib' transport for /std/vector</base/Vector3d>
0.028 [ Info   ][TypekitRepository::Import] Registered new 'Typelib' transport for /std/vector</base/Vector4d>
0.028 [ Info   ][TypekitRepository::Import] Registered new 'Typelib' transport for /std/vector</base/Waypoint>
0.028 [ Info   ][TypekitRepository::Import] Registered new 'Typelib' transport for /std/vector</base/samples/BoundingBox>
0.028 [ Info   ][TypekitRepository::Import] Registered new 'Typelib' transport for /std/vector</base/samples/OrientedBoundingBox>
0.028 [ Info   ][TypekitRepository::Import] Registered new 'Typelib' transport for /std/vector</std/string>
0.028 [ Info   ][TypekitRepository::Import] Registered new 'Typelib' transport for /std/vector</uint32_t>
0.028 [ Info   ][TypekitRepository::Import] Loading Typekit gps_base.
0.030 [ Info   ][TypekitRepository::Import] Loading Transport CORBA:///orogen/gps_base.
0.030 [ Info   ][TypekitRepository::Import] Registered new 'CORBA' transport for /gps_base/CONSTELLATIONS
0.030 [ Info   ][TypekitRepository::Import] Registered new 'CORBA' transport for /gps_base/ConstellationInfo
0.030 [ Info   ][TypekitRepository::Import] Registered new 'CORBA' transport for /gps_base/Errors
0.030 [ Info   ][TypekitRepository::Import] Registered new 'CORBA' transport for /gps_base/GPS_SOLUTION_TYPES
0.030 [ Info   ][TypekitRepository::Import] Registered new 'CORBA' transport for /gps_base/Position
0.030 [ Info   ][TypekitRepository::Import] Registered new 'CORBA' transport for /gps_base/Satellite
0.030 [ Info   ][TypekitRepository::Import] Registered new 'CORBA' transport for /gps_base/SatelliteInfo
0.030 [ Info   ][TypekitRepository::Import] Registered new 'CORBA' transport for /gps_base/Solution
0.030 [ Info   ][TypekitRepository::Import] Registered new 'CORBA' transport for /gps_base/SolutionQuality
0.030 [ Info   ][TypekitRepository::Import] Registered new 'CORBA' transport for /gps_base/Time
0.030 [ Info   ][TypekitRepository::Import] Registered new 'CORBA' transport for /gps_base/UTMConversionParameters
0.030 [ Info   ][TypekitRepository::Import] Registered new 'CORBA' transport for /gps_base/UserDynamics
0.030 [ Info   ][TypekitRepository::Import] Registered new 'CORBA' transport for /std/vector</gps_base/Satellite>
0.030 [ Info   ][TypekitRepository::Import] Registered new 'CORBA' transport for /std/vector</int32_t>
0.031 [ Info   ][TypekitRepository::Import] Loading Transport MQueue:///orogen/gps_base.
0.031 [ Info   ][TypekitRepository::Import] Registered new 'MQueue' transport for /gps_base/CONSTELLATIONS
0.031 [ Info   ][TypekitRepository::Import] Registered new 'MQueue' transport for /gps_base/ConstellationInfo
0.031 [ Info   ][TypekitRepository::Import] Registered new 'MQueue' transport for /gps_base/Errors
0.031 [ Info   ][TypekitRepository::Import] Registered new 'MQueue' transport for /gps_base/GPS_SOLUTION_TYPES
0.031 [ Info   ][TypekitRepository::Import] Registered new 'MQueue' transport for /gps_base/Position
0.032 [ Info   ][TypekitRepository::Import] Registered new 'MQueue' transport for /gps_base/Satellite
0.032 [ Info   ][TypekitRepository::Import] Registered new 'MQueue' transport for /gps_base/SatelliteInfo
0.032 [ Info   ][TypekitRepository::Import] Registered new 'MQueue' transport for /gps_base/Solution
0.032 [ Info   ][TypekitRepository::Import] Registered new 'MQueue' transport for /gps_base/SolutionQuality
0.032 [ Info   ][TypekitRepository::Import] Registered new 'MQueue' transport for /gps_base/Time
0.032 [ Info   ][TypekitRepository::Import] Registered new 'MQueue' transport for /gps_base/UTMConversionParameters
0.032 [ Info   ][TypekitRepository::Import] Registered new 'MQueue' transport for /gps_base/UserDynamics
0.032 [ Info   ][TypekitRepository::Import] Registered new 'MQueue' transport for /std/vector</gps_base/Satellite>
0.032 [ Info   ][TypekitRepository::Import] Registered new 'MQueue' transport for /std/vector</int32_t>
0.032 [ Info   ][TypekitRepository::Import] Loading Transport Typelib:///orogen/gps_base.
0.033 [ Info   ][TypekitRepository::Import] Registered new 'Typelib' transport for /gps_base/CONSTELLATIONS
0.033 [ Info   ][TypekitRepository::Import] Registered new 'Typelib' transport for /gps_base/ConstellationInfo
0.033 [ Info   ][TypekitRepository::Import] Registered new 'Typelib' transport for /gps_base/Errors
0.033 [ Info   ][TypekitRepository::Import] Registered new 'Typelib' transport for /gps_base/GPS_SOLUTION_TYPES
0.033 [ Info   ][TypekitRepository::Import] Registered new 'Typelib' transport for /gps_base/Position
0.033 [ Info   ][TypekitRepository::Import] Registered new 'Typelib' transport for /gps_base/Satellite
0.033 [ Info   ][TypekitRepository::Import] Registered new 'Typelib' transport for /gps_base/SatelliteInfo
0.033 [ Info   ][TypekitRepository::Import] Registered new 'Typelib' transport for /gps_base/Solution
0.033 [ Info   ][TypekitRepository::Import] Registered new 'Typelib' transport for /gps_base/SolutionQuality
0.033 [ Info   ][TypekitRepository::Import] Registered new 'Typelib' transport for /gps_base/Time
0.033 [ Info   ][TypekitRepository::Import] Registered new 'Typelib' transport for /gps_base/UTMConversionParameters
0.033 [ Info   ][TypekitRepository::Import] Registered new 'Typelib' transport for /gps_base/UserDynamics
0.033 [ Info   ][TypekitRepository::Import] Registered new 'Typelib' transport for /std/vector</gps_base/Satellite>
0.033 [ Info   ][TypekitRepository::Import] Registered new 'Typelib' transport for /std/vector</int32_t>
0.033 [ Info   ][TypekitRepository::Import] Loading Typekit rock_gazebo.
0.033 [ Info   ][TypekitRepository::Import] Loading Transport CORBA:///orogen/rock_gazebo.
0.033 [ Info   ][TypekitRepository::Import] Registered new 'CORBA' transport for /rock_gazebo/IMUReference
0.033 [ Info   ][TypekitRepository::Import] Registered new 'CORBA' transport for /std/vector</rock_gazebo/JointExport>
0.033 [ Info   ][TypekitRepository::Import] Registered new 'CORBA' transport for /std/vector</rock_gazebo/LinkExport>
0.035 [ Info   ][TypekitRepository::Import] Loading Transport MQueue:///orogen/rock_gazebo.
0.035 [ Info   ][TypekitRepository::Import] Registered new 'MQueue' transport for /rock_gazebo/IMUReference
0.035 [ Info   ][TypekitRepository::Import] Registered new 'MQueue' transport for /std/vector</rock_gazebo/JointExport>
0.035 [ Info   ][TypekitRepository::Import] Registered new 'MQueue' transport for /std/vector</rock_gazebo/LinkExport>
0.035 [ Info   ][TypekitRepository::Import] Loading Transport Typelib:///orogen/rock_gazebo.
0.036 [ Info   ][TypekitRepository::Import] Registered new 'Typelib' transport for /rock_gazebo/IMUReference
0.036 [ Info   ][TypekitRepository::Import] Registered new 'Typelib' transport for /std/vector</rock_gazebo/JointExport>
0.036 [ Info   ][TypekitRepository::Import] Registered new 'Typelib' transport for /std/vector</rock_gazebo/LinkExport>
0.036 [ Info   ][TypekitRepository::Import] Loading Typekit logger.
0.036 [ Info   ][TypekitRepository::Import] Loading Transport CORBA:///orogen/logger.
0.036 [ Info   ][TypekitRepository::Import] Registered new 'CORBA' transport for /logger/Annotations
0.036 [ Info   ][TypekitRepository::Import] Registered new 'CORBA' transport for /logger/Marker
0.036 [ Info   ][TypekitRepository::Import] Registered new 'CORBA' transport for /std/vector</logger/StreamMetadata>
0.036 [ Info   ][TypekitRepository::Import] Loading Transport MQueue:///orogen/logger.
0.036 [ Info   ][TypekitRepository::Import] Registered new 'MQueue' transport for /logger/Annotations
0.036 [ Info   ][TypekitRepository::Import] Registered new 'MQueue' transport for /logger/Marker
0.036 [ Info   ][TypekitRepository::Import] Registered new 'MQueue' transport for /std/vector</logger/StreamMetadata>
0.036 [ Info   ][TypekitRepository::Import] Loading Transport Typelib:///orogen/logger.
0.037 [ Info   ][TypekitRepository::Import] Registered new 'Typelib' transport for /logger/Annotations
0.037 [ Info   ][TypekitRepository::Import] Registered new 'Typelib' transport for /logger/Marker
0.037 [ Info   ][TypekitRepository::Import] Registered new 'Typelib' transport for /std/vector</logger/StreamMetadata>
0.509 [ Info   ][Thread] Creating Thread for scheduler=ORO_SCHED_OTHER, priority=1, CPU affinity=0, with name='logger::Logger'
0.509 [ Info   ][logger::Logger] Thread created with scheduler type 'ORO_SCHED_OTHER', priority 0, cpu affinity 255 and period 0 (PID= 93562 ).
0.510 [ Info   ][Thread] Creating Thread for scheduler=ORO_SCHED_OTHER, priority=1, CPU affinity=0, with name='Activity'
0.510 [ Info   ][Activity] Thread created with scheduler type 'ORO_SCHED_OTHER', priority 0, cpu affinity 255 and period 0 (PID= 93563 ).
0.510 [ Info   ][rock-gazebo] Creating new TaskContextServer for gazebo:empty_world_Logger
0.510 [ Info   ][TaskContextServer()] CTaskContext 'gazebo:empty_world_Logger' found CORBA Naming Service.
0.510 [ Warning][TaskContextServer()] CTaskContext 'gazebo:empty_world_Logger' already bound to CORBA Naming Service.
0.510 [ Warning][TaskContextServer()] Trying to rebind... done. New CTaskContext bound to Naming Service.
0.511 [ Info   ][Thread] Creating Thread for scheduler=ORO_SCHED_OTHER, priority=1, CPU affinity=0, with name='gazebo:empty_world_LoggerCorba'
0.511 [ Info   ][gazebo:empty_world_LoggerCorba] Thread created with scheduler type 'ORO_SCHED_OTHER', priority 0, cpu affinity 255 and period 0 (PID= 93566 ).
0.511 [ Info   ][rock-gazebo] Started gazebo:empty_world_LoggerCorba.
0.511 [ Info   ][Thread] Creating Thread for scheduler=ORO_SCHED_OTHER, priority=1, CPU affinity=0, with name='gazebo::WorldTask'
0.511 [ Info   ][gazebo::WorldTask] Thread created with scheduler type 'ORO_SCHED_OTHER', priority 0, cpu affinity 255 and period 0 (PID= 93567 ).
0.513 [ Info   ][rock-gazebo] Creating new TaskContextServer for gazebo:empty_world
0.513 [ Info   ][TaskContextServer()] CTaskContext 'gazebo:empty_world' found CORBA Naming Service.
0.513 [ Warning][TaskContextServer()] CTaskContext 'gazebo:empty_world' already bound to CORBA Naming Service.
0.513 [ Warning][TaskContextServer()] Trying to rebind... done. New CTaskContext bound to Naming Service.
0.513 [ Info   ][Thread] Creating Thread for scheduler=ORO_SCHED_OTHER, priority=1, CPU affinity=0, with name='gazebo:empty_worldCorba'
0.513 [ Info   ][gazebo:empty_worldCorba] Thread created with scheduler type 'ORO_SCHED_OTHER', priority 0, cpu affinity 255 and period 0 (PID= 93568 ).
0.513 [ Info   ][rock-gazebo] Started gazebo:empty_worldCorba.
0.513 [ Info   ][Thread] Creating Thread for scheduler=ORO_SCHED_OTHER, priority=1, CPU affinity=0, with name='gazebo::ModelTask'
0.513 [ Info   ][gazebo::ModelTask] Thread created with scheduler type 'ORO_SCHED_OTHER', priority 0, cpu affinity 255 and period 0 (PID= 93569 ).
0.515 [ Info   ][rock-gazebo] Creating new TaskContextServer for gazebo:empty_world:ur10_fixed
0.515 [ Info   ][TaskContextServer()] CTaskContext 'gazebo:empty_world:ur10_fixed' found CORBA Naming Service.
0.516 [ Warning][TaskContextServer()] CTaskContext 'gazebo:empty_world:ur10_fixed' already bound to CORBA Naming Service.
0.516 [ Warning][TaskContextServer()] Trying to rebind... done. New CTaskContext bound to Naming Service.
0.516 [ Info   ][Thread] Creating Thread for scheduler=ORO_SCHED_OTHER, priority=1, CPU affinity=0, with name='gazebo:empty_world:ur10_fixedCorba'
0.516 [ Info   ][gazebo:empty_world:ur10_fixedCorba] Thread created with scheduler type 'ORO_SCHED_OTHER', priority 0, cpu affinity 255 and period 0 (PID= 93570 ).
0.516 [ Info   ][rock-gazebo] Started gazebo:empty_world:ur10_fixedCorba.
0.518 [ Info   ][Thread] Creating Thread for scheduler=ORO_SCHED_OTHER, priority=1, CPU affinity=0, with name='gazebo::ModelTask'
0.518 [ Info   ][gazebo::ModelTask] Thread created with scheduler type 'ORO_SCHED_OTHER', priority 0, cpu affinity 255 and period 0 (PID= 93571 ).
0.518 [ Info   ][rock-gazebo] Creating new TaskContextServer for gazebo:empty_world:ground_plane
0.519 [ Info   ][TaskContextServer()] CTaskContext 'gazebo:empty_world:ground_plane' found CORBA Naming Service.
0.519 [ Warning][TaskContextServer()] CTaskContext 'gazebo:empty_world:ground_plane' already bound to CORBA Naming Service.
0.519 [ Warning][TaskContextServer()] Trying to rebind... done. New CTaskContext bound to Naming Service.
0.519 [ Info   ][Thread] Creating Thread for scheduler=ORO_SCHED_OTHER, priority=1, CPU affinity=0, with name='gazebo:empty_world:ground_planeCorba'
0.519 [ Info   ][gazebo:empty_world:ground_planeCorba] Thread created with scheduler type 'ORO_SCHED_OTHER', priority 0, cpu affinity 255 and period 0 (PID= 93572 ).
0.519 [ Info   ][rock-gazebo] Started gazebo:empty_world:ground_planeCorba.
0.792 [ Info   ][Thread] Creating Thread for scheduler=ORO_SCHED_OTHER, priority=1, CPU affinity=0, with name='GlobalEngine'
0.792 [ Info   ][GlobalEngine] Thread created with scheduler type 'ORO_SCHED_OTHER', priority 0, cpu affinity 255 and period 0 (PID= 93580 ).
